<?xml version="1.0" encoding="UTF-8" standalone="yes"?><!DOCTYPE report PUBLIC "-//JACOCO//DTD Report 1.0//EN" "report.dtd"><report name="JaCoCo"><sessioninfo id="weiyuyangdeMacBook-Pro.local-81462c2c" start="1574179926516" dump="1574179926950"/><sessioninfo id="weiyuyangdeMacBook-Pro.local-afb8f16c" start="1574179977459" dump="1574179978038"/><package name="com/test/jacoco"><class name="com/test/jacoco/HelloWorld"><method name="&lt;init&gt;" desc="()V" line="7"><counter type="INSTRUCTION" missed="0" covered="3"/><counter type="LINE" missed="0" covered="2"/><counter type="COMPLEXITY" missed="0" covered="1"/><counter type="METHOD" missed="0" covered="1"/></method><method name="Method1" desc="()Ljava/lang/String;" line="12"><counter type="INSTRUCTION" missed="0" covered="2"/><counter type="LINE" missed="0" covered="1"/><counter type="COMPLEXITY" missed="0" covered="1"/><counter type="METHOD" missed="0" covered="1"/></method><method name="Method2" desc="(II)I" line="16"><counter type="INSTRUCTION" missed="0" covered="4"/><counter type="LINE" missed="0" covered="1"/><counter type="COMPLEXITY" missed="0" covered="1"/><counter type="METHOD" missed="0" covered="1"/></method><method name="Method3" desc="(III)I" line="20"><counter type="INSTRUCTION" missed="0" covered="26"/><counter type="BRANCH" missed="0" covered="10"/><counter type="LINE" missed="0" covered="6"/><counter type="COMPLEXITY" missed="0" covered="6"/><counter type="METHOD" missed="0" covered="1"/></method><method name="Method4" desc="(IIIIF)I" line="32"><counter type="INSTRUCTION" missed="0" covered="25"/><counter type="BRANCH" missed="0" covered="8"/><counter type="LINE" missed="0" covered="7"/><counter type="COMPLEXITY" missed="0" covered="5"/><counter type="METHOD" missed="0" covered="1"/></method><method name="bug" desc="(I)Z" line="43"><counter type="INSTRUCTION" missed="0" covered="7"/><counter type="BRANCH" missed="0" covered="2"/><counter type="LINE" missed="0" covered="2"/><counter type="COMPLEXITY" missed="0" covered="2"/><counter type="METHOD" missed="0" covered="1"/></method><method name="isTriangle" desc="(III)Z" line="53"><counter type="INSTRUCTION" missed="0" covered="23"/><counter type="BRANCH" missed="0" covered="6"/><counter type="LINE" missed="0" covered="7"/><counter type="COMPLEXITY" missed="0" covered="4"/><counter type="METHOD" missed="0" covered="1"/></method><method name="isBirthday" desc="(III)Z" line="70"><counter type="INSTRUCTION" missed="0" covered="81"/><counter type="BRANCH" missed="0" covered="40"/><counter type="LINE" missed="0" covered="12"/><counter type="COMPLEXITY" missed="0" covered="21"/><counter type="METHOD" missed="0" covered="1"/></method><method name="isRun" desc="(I)Z" line="100"><counter type="INSTRUCTION" missed="0" covered="16"/><counter type="BRANCH" missed="0" covered="6"/><counter type="LINE" missed="0" covered="2"/><counter type="COMPLEXITY" missed="0" covered="4"/><counter type="METHOD" missed="0" covered="1"/></method><method name="isLongerMonth" desc="(I)Z" line="105"><counter type="INSTRUCTION" missed="0" covered="25"/><counter type="BRANCH" missed="0" covered="14"/><counter type="LINE" missed="0" covered="3"/><counter type="COMPLEXITY" missed="0" covered="8"/><counter type="METHOD" missed="0" covered="1"/></method><method name="isShorterMonth" desc="(I)Z" line="112"><counter type="INSTRUCTION" missed="0" covered="16"/><counter type="BRANCH" missed="0" covered="8"/><counter type="LINE" missed="0" covered="3"/><counter type="COMPLEXITY" missed="0" covered="5"/><counter type="METHOD" missed="0" covered="1"/></method><method name="miniCalculator" desc="(DDC)Ljava/lang/Double;" line="124"><counter type="INSTRUCTION" missed="0" covered="51"/><counter type="BRANCH" missed="0" covered="10"/><counter type="LINE" missed="0" covered="13"/><counter type="COMPLEXITY" missed="0" covered="6"/><counter type="METHOD" missed="0" covered="1"/></method><counter type="INSTRUCTION" missed="0" covered="279"/><counter type="BRANCH" missed="0" covered="104"/><counter type="LINE" missed="0" covered="59"/><counter type="COMPLEXITY" missed="0" covered="64"/><counter type="METHOD" missed="0" covered="12"/><counter type="CLASS" missed="0" covered="1"/></class><sourcefile name="HelloWorld.java"><line nr="7" mi="0" ci="2" mb="0" cb="0"/><line nr="9" mi="0" ci="1" mb="0" cb="0"/><line nr="12" mi="0" ci="2" mb="0" cb="0"/><line nr="16" mi="0" ci="4" mb="0" cb="0"/><line nr="20" mi="0" ci="7" mb="0" cb="6"/><line nr="21" mi="0" ci="4" mb="0" cb="0"/><line nr="23" mi="0" ci="6" mb="0" cb="4"/><line nr="24" mi="0" ci="4" mb="0" cb="0"/><line nr="27" mi="0" ci="3" mb="0" cb="0"/><line nr="29" mi="0" ci="2" mb="0" cb="0"/><line nr="32" mi="0" ci="2" mb="0" cb="2"/><line nr="33" mi="0" ci="2" mb="0" cb="0"/><line nr="35" mi="0" ci="2" mb="0" cb="0"/><line nr="36" mi="0" ci="10" mb="0" cb="6"/><line nr="37" mi="0" ci="2" mb="0" cb="0"/><line nr="39" mi="0" ci="5" mb="0" cb="0"/><line nr="40" mi="0" ci="2" mb="0" cb="0"/><line nr="43" mi="0" ci="5" mb="0" cb="2"/><line nr="44" mi="0" ci="2" mb="0" cb="0"/><line nr="53" mi="0" ci="5" mb="0" cb="2"/><line nr="54" mi="0" ci="2" mb="0" cb="0"/><line nr="56" mi="0" ci="5" mb="0" cb="2"/><line nr="57" mi="0" ci="2" mb="0" cb="0"/><line nr="59" mi="0" ci="5" mb="0" cb="2"/><line nr="60" mi="0" ci="2" mb="0" cb="0"/><line nr="62" mi="0" ci="2" mb="0" cb="0"/><line nr="70" mi="0" ci="8" mb="0" cb="4"/><line nr="72" mi="0" ci="8" mb="0" cb="4"/><line nr="74" mi="0" ci="11" mb="0" cb="6"/><line nr="76" mi="0" ci="8" mb="0" cb="4"/><line nr="78" mi="0" ci="4" mb="0" cb="2"/><line nr="79" mi="0" ci="8" mb="0" cb="4"/><line nr="82" mi="0" ci="4" mb="0" cb="2"/><line nr="83" mi="0" ci="8" mb="0" cb="4"/><line nr="87" mi="0" ci="4" mb="0" cb="2"/><line nr="88" mi="0" ci="8" mb="0" cb="4"/><line nr="91" mi="0" ci="8" mb="0" cb="4"/><line nr="95" mi="0" ci="2" mb="0" cb="0"/><line nr="100" mi="0" ci="14" mb="0" cb="6"/><line nr="101" mi="0" ci="2" mb="0" cb="0"/><line nr="105" mi="0" ci="21" mb="0" cb="14"/><line nr="106" mi="0" ci="2" mb="0" cb="0"/><line nr="108" mi="0" ci="2" mb="0" cb="0"/><line nr="112" mi="0" ci="12" mb="0" cb="8"/><line nr="113" mi="0" ci="2" mb="0" cb="0"/><line nr="115" mi="0" ci="2" mb="0" cb="0"/><line nr="124" mi="0" ci="2" mb="0" cb="0"/><line nr="125" mi="0" ci="3" mb="0" cb="2"/><line nr="126" mi="0" ci="5" mb="0" cb="0"/><line nr="128" mi="0" ci="3" mb="0" cb="2"/><line nr="129" mi="0" ci="5" mb="0" cb="0"/><line nr="131" mi="0" ci="3" mb="0" cb="2"/><line nr="132" mi="0" ci="5" mb="0" cb="0"/><line nr="134" mi="0" ci="3" mb="0" cb="2"/><line nr="135" mi="0" ci="4" mb="0" cb="2"/><line nr="136" mi="0" ci="5" mb="0" cb="0"/><line nr="138" mi="0" ci="5" mb="0" cb="0"/><line nr="142" mi="0" ci="5" mb="0" cb="0"/><line nr="145" mi="0" ci="3" mb="0" cb="0"/><counter type="INSTRUCTION" missed="0" covered="279"/><counter type="BRANCH" missed="0" covered="104"/><counter type="LINE" missed="0" covered="59"/><counter type="COMPLEXITY" missed="0" covered="64"/><counter type="METHOD" missed="0" covered="12"/><counter type="CLASS" missed="0" covered="1"/></sourcefile><counter type="INSTRUCTION" missed="0" covered="279"/><counter type="BRANCH" missed="0" covered="104"/><counter type="LINE" missed="0" covered="59"/><counter type="COMPLEXITY" missed="0" covered="64"/><counter type="METHOD" missed="0" covered="12"/><counter type="CLASS" missed="0" covered="1"/></package><counter type="INSTRUCTION" missed="0" covered="279"/><counter type="BRANCH" missed="0" covered="104"/><counter type="LINE" missed="0" covered="59"/><counter type="COMPLEXITY" missed="0" covered="64"/><counter type="METHOD" missed="0" covered="12"/><counter type="CLASS" missed="0" covered="1"/></report>